<?xml version="1.0" encoding="UTF-8"?>
<coverage generated="1570002551114" clover="3.2.0">
  <project timestamp="1570002551114" name="All files">
    <metrics statements="69" coveredstatements="51" conditionals="30" coveredconditionals="23" methods="25" coveredmethods="14" elements="124" coveredelements="88" complexity="0" loc="69" ncloc="69" packages="1" files="4" classes="4"/>
    <file name="button.js" path="/Users/andrewkeig/projects/react-speech/src/button.js">
      <metrics statements="11" coveredstatements="9" conditionals="4" coveredconditionals="2" methods="4" coveredmethods="2"/>
      <line num="6" count="8" type="stmt"/>
      <line num="7" count="8" type="stmt"/>
      <line num="13" count="8" type="stmt"/>
      <line num="14" count="8" type="stmt"/>
      <line num="18" count="0" type="stmt"/>
      <line num="22" count="0" type="stmt"/>
      <line num="26" count="15" type="cond" truecount="1" falsecount="1"/>
      <line num="30" count="15" type="cond" truecount="1" falsecount="1"/>
      <line num="34" count="15" type="stmt"/>
      <line num="39" count="15" type="stmt"/>
      <line num="51" count="2" type="stmt"/>
    </file>
    <file name="speech.js" path="/Users/andrewkeig/projects/react-speech/src/speech.js">
      <metrics statements="38" coveredstatements="24" conditionals="16" coveredconditionals="15" methods="11" coveredmethods="4"/>
      <line num="10" count="5" type="stmt"/>
      <line num="11" count="5" type="stmt"/>
      <line num="14" count="5" type="stmt"/>
      <line num="15" count="5" type="stmt"/>
      <line num="16" count="5" type="stmt"/>
      <line num="17" count="5" type="stmt"/>
      <line num="18" count="5" type="stmt"/>
      <line num="19" count="5" type="stmt"/>
      <line num="23" count="5" type="stmt"/>
      <line num="27" count="5" type="stmt"/>
      <line num="36" count="5" type="stmt"/>
      <line num="40" count="0" type="stmt"/>
      <line num="41" count="0" type="stmt"/>
      <line num="42" count="0" type="stmt"/>
      <line num="46" count="0" type="stmt"/>
      <line num="47" count="0" type="stmt"/>
      <line num="48" count="0" type="stmt"/>
      <line num="52" count="0" type="stmt"/>
      <line num="53" count="0" type="stmt"/>
      <line num="57" count="0" type="stmt"/>
      <line num="58" count="0" type="stmt"/>
      <line num="62" count="0" type="stmt"/>
      <line num="63" count="0" type="stmt"/>
      <line num="67" count="0" type="stmt"/>
      <line num="71" count="0" type="stmt"/>
      <line num="75" count="10" type="cond" truecount="4" falsecount="0"/>
      <line num="76" count="2" type="stmt"/>
      <line num="90" count="8" type="cond" truecount="2" falsecount="0"/>
      <line num="91" count="2" type="stmt"/>
      <line num="103" count="6" type="stmt"/>
      <line num="122" count="8" type="cond" truecount="2" falsecount="0"/>
      <line num="123" count="2" type="stmt"/>
      <line num="142" count="8" type="cond" truecount="2" falsecount="0"/>
      <line num="143" count="2" type="stmt"/>
      <line num="162" count="8" type="cond" truecount="2" falsecount="0"/>
      <line num="163" count="2" type="stmt"/>
      <line num="182" count="8" type="stmt"/>
      <line num="190" count="1" type="stmt"/>
    </file>
    <file name="speechSynthesis.js" path="/Users/andrewkeig/projects/react-speech/src/speechSynthesis.js">
      <metrics statements="19" coveredstatements="17" conditionals="10" coveredconditionals="6" methods="10" coveredmethods="8"/>
      <line num="3" count="10" type="stmt"/>
      <line num="4" count="10" type="stmt"/>
      <line num="5" count="10" type="stmt"/>
      <line num="6" count="10" type="stmt"/>
      <line num="7" count="10" type="cond" truecount="1" falsecount="1"/>
      <line num="8" count="10" type="cond" truecount="1" falsecount="1"/>
      <line num="9" count="10" type="cond" truecount="1" falsecount="1"/>
      <line num="10" count="10" type="cond" truecount="1" falsecount="1"/>
      <line num="14" count="14" type="stmt"/>
      <line num="18" count="10" type="stmt"/>
      <line num="19" count="14" type="stmt"/>
      <line num="20" count="10" type="cond" truecount="2" falsecount="0"/>
      <line num="24" count="0" type="stmt"/>
      <line num="28" count="0" type="stmt"/>
      <line num="32" count="1" type="stmt"/>
      <line num="33" count="1" type="stmt"/>
      <line num="37" count="1" type="stmt"/>
      <line num="41" count="1" type="stmt"/>
      <line num="45" count="1" type="stmt"/>
    </file>
    <file name="style.js" path="/Users/andrewkeig/projects/react-speech/src/style.js">
      <metrics statements="1" coveredstatements="1" conditionals="0" coveredconditionals="0" methods="0" coveredmethods="0"/>
      <line num="1" count="2" type="stmt"/>
    </file>
  </project>
</coverage>
