{"/Users/andrewkeig/projects/react-speech/src/button.js": {"path":"/Users/andrewkeig/projects/react-speech/src/button.js","statementMap":{"0":{"start":{"line":6,"column":4},"end":{"line":6,"column":17}},"1":{"start":{"line":7,"column":4},"end":{"line":12,"column":6}},"2":{"start":{"line":13,"column":4},"end":{"line":13,"column":39}},"3":{"start":{"line":14,"column":4},"end":{"line":14,"column":39}},"4":{"start":{"line":18,"column":4},"end":{"line":18,"column":35}},"5":{"start":{"line":22,"column":4},"end":{"line":22,"column":36}},"6":{"start":{"line":26,"column":28},"end":{"line":28,"column":34}},"7":{"start":{"line":30,"column":18},"end":{"line":32,"column":24}},"8":{"start":{"line":34,"column":18},"end":{"line":37,"column":6}},"9":{"start":{"line":39,"column":4},"end":{"line":47,"column":6}},"10":{"start":{"line":51,"column":0},"end":{"line":54,"column":2}}},"fnMap":{"0":{"name":"(anonymous_0)","decl":{"start":{"line":5,"column":2},"end":{"line":5,"column":3}},"loc":{"start":{"line":5,"column":21},"end":{"line":15,"column":3}},"line":5},"1":{"name":"(anonymous_1)","decl":{"start":{"line":17,"column":2},"end":{"line":17,"column":3}},"loc":{"start":{"line":17,"column":10},"end":{"line":19,"column":3}},"line":17},"2":{"name":"(anonymous_2)","decl":{"start":{"line":21,"column":2},"end":{"line":21,"column":3}},"loc":{"start":{"line":21,"column":10},"end":{"line":23,"column":3}},"line":21},"3":{"name":"(anonymous_3)","decl":{"start":{"line":25,"column":2},"end":{"line":25,"column":3}},"loc":{"start":{"line":25,"column":11},"end":{"line":48,"column":3}},"line":25}},"branchMap":{"0":{"loc":{"start":{"line":26,"column":28},"end":{"line":28,"column":34}},"type":"cond-expr","locations":[{"start":{"line":27,"column":8},"end":{"line":27,"column":47}},{"start":{"line":28,"column":8},"end":{"line":28,"column":34}}],"line":26},"1":{"loc":{"start":{"line":30,"column":18},"end":{"line":32,"column":24}},"type":"cond-expr","locations":[{"start":{"line":31,"column":8},"end":{"line":31,"column":37}},{"start":{"line":32,"column":8},"end":{"line":32,"column":24}}],"line":30}},"s":{"0":8,"1":8,"2":8,"3":8,"4":0,"5":0,"6":15,"7":15,"8":15,"9":15,"10":2},"f":{"0":8,"1":0,"2":0,"3":15},"b":{"0":[0,15],"1":[0,15]},"_coverageSchema":"43e27e138ebf9cfc5966b082cf9a028302ed4184","hash":"132ee421310a3000d59323b1455607f557b43237"}
,"/Users/andrewkeig/projects/react-speech/src/speech.js": {"path":"/Users/andrewkeig/projects/react-speech/src/speech.js","statementMap":{"0":{"start":{"line":10,"column":4},"end":{"line":10,"column":17}},"1":{"start":{"line":11,"column":4},"end":{"line":13,"column":6}},"2":{"start":{"line":14,"column":4},"end":{"line":14,"column":37}},"3":{"start":{"line":15,"column":4},"end":{"line":15,"column":39}},"4":{"start":{"line":16,"column":4},"end":{"line":16,"column":41}},"5":{"start":{"line":17,"column":4},"end":{"line":17,"column":37}},"6":{"start":{"line":18,"column":4},"end":{"line":18,"column":39}},"7":{"start":{"line":19,"column":4},"end":{"line":19,"column":43}},"8":{"start":{"line":23,"column":4},"end":{"line":23,"column":55}},"9":{"start":{"line":27,"column":19},"end":{"line":34,"column":6}},"10":{"start":{"line":36,"column":4},"end":{"line":36,"column":28}},"11":{"start":{"line":40,"column":4},"end":{"line":40,"column":59}},"12":{"start":{"line":41,"column":4},"end":{"line":41,"column":43}},"13":{"start":{"line":42,"column":4},"end":{"line":42,"column":47}},"14":{"start":{"line":46,"column":4},"end":{"line":46,"column":30}},"15":{"start":{"line":47,"column":4},"end":{"line":47,"column":33}},"16":{"start":{"line":48,"column":4},"end":{"line":48,"column":54}},"17":{"start":{"line":52,"column":4},"end":{"line":52,"column":33}},"18":{"start":{"line":53,"column":4},"end":{"line":53,"column":54}},"19":{"start":{"line":57,"column":4},"end":{"line":57,"column":34}},"20":{"start":{"line":58,"column":4},"end":{"line":58,"column":54}},"21":{"start":{"line":62,"column":4},"end":{"line":62,"column":34}},"22":{"start":{"line":63,"column":4},"end":{"line":63,"column":55}},"23":{"start":{"line":67,"column":4},"end":{"line":67,"column":16}},"24":{"start":{"line":71,"column":4},"end":{"line":71,"column":16}},"25":{"start":{"line":75,"column":4},"end":{"line":83,"column":5}},"26":{"start":{"line":76,"column":6},"end":{"line":82,"column":8}},"27":{"start":{"line":90,"column":4},"end":{"line":120,"column":5}},"28":{"start":{"line":91,"column":6},"end":{"line":101,"column":8}},"29":{"start":{"line":103,"column":6},"end":{"line":119,"column":8}},"30":{"start":{"line":122,"column":4},"end":{"line":140,"column":5}},"31":{"start":{"line":123,"column":6},"end":{"line":139,"column":8}},"32":{"start":{"line":142,"column":4},"end":{"line":160,"column":5}},"33":{"start":{"line":143,"column":6},"end":{"line":159,"column":8}},"34":{"start":{"line":162,"column":4},"end":{"line":180,"column":5}},"35":{"start":{"line":163,"column":6},"end":{"line":179,"column":8}},"36":{"start":{"line":182,"column":4},"end":{"line":186,"column":6}},"37":{"start":{"line":190,"column":0},"end":{"line":205,"column":2}}},"fnMap":{"0":{"name":"(anonymous_0)","decl":{"start":{"line":9,"column":2},"end":{"line":9,"column":3}},"loc":{"start":{"line":9,"column":21},"end":{"line":20,"column":3}},"line":9},"1":{"name":"(anonymous_1)","decl":{"start":{"line":22,"column":2},"end":{"line":22,"column":3}},"loc":{"start":{"line":22,"column":22},"end":{"line":24,"column":3}},"line":22},"2":{"name":"(anonymous_2)","decl":{"start":{"line":26,"column":2},"end":{"line":26,"column":3}},"loc":{"start":{"line":26,"column":44},"end":{"line":37,"column":3}},"line":26},"3":{"name":"(anonymous_3)","decl":{"start":{"line":39,"column":2},"end":{"line":39,"column":3}},"loc":{"start":{"line":39,"column":23},"end":{"line":43,"column":3}},"line":39},"4":{"name":"(anonymous_4)","decl":{"start":{"line":45,"column":2},"end":{"line":45,"column":3}},"loc":{"start":{"line":45,"column":9},"end":{"line":49,"column":3}},"line":45},"5":{"name":"(anonymous_5)","decl":{"start":{"line":51,"column":2},"end":{"line":51,"column":3}},"loc":{"start":{"line":51,"column":10},"end":{"line":54,"column":3}},"line":51},"6":{"name":"(anonymous_6)","decl":{"start":{"line":56,"column":2},"end":{"line":56,"column":3}},"loc":{"start":{"line":56,"column":11},"end":{"line":59,"column":3}},"line":56},"7":{"name":"(anonymous_7)","decl":{"start":{"line":61,"column":2},"end":{"line":61,"column":3}},"loc":{"start":{"line":61,"column":9},"end":{"line":64,"column":3}},"line":61},"8":{"name":"(anonymous_8)","decl":{"start":{"line":66,"column":2},"end":{"line":66,"column":3}},"loc":{"start":{"line":66,"column":10},"end":{"line":68,"column":3}},"line":66},"9":{"name":"(anonymous_9)","decl":{"start":{"line":70,"column":2},"end":{"line":70,"column":3}},"loc":{"start":{"line":70,"column":12},"end":{"line":72,"column":3}},"line":70},"10":{"name":"(anonymous_10)","decl":{"start":{"line":74,"column":2},"end":{"line":74,"column":3}},"loc":{"start":{"line":74,"column":11},"end":{"line":187,"column":3}},"line":74}},"branchMap":{"0":{"loc":{"start":{"line":12,"column":14},"end":{"line":12,"column":73}},"type":"cond-expr","locations":[{"start":{"line":12,"column":48},"end":{"line":12,"column":65}},{"start":{"line":12,"column":68},"end":{"line":12,"column":73}}],"line":12},"1":{"loc":{"start":{"line":75,"column":4},"end":{"line":83,"column":5}},"type":"if","locations":[{"start":{"line":75,"column":4},"end":{"line":83,"column":5}},{"start":{"line":75,"column":4},"end":{"line":83,"column":5}}],"line":75},"2":{"loc":{"start":{"line":75,"column":8},"end":{"line":75,"column":59}},"type":"binary-expr","locations":[{"start":{"line":75,"column":8},"end":{"line":75,"column":27}},{"start":{"line":75,"column":31},"end":{"line":75,"column":59}}],"line":75},"3":{"loc":{"start":{"line":90,"column":4},"end":{"line":120,"column":5}},"type":"if","locations":[{"start":{"line":90,"column":4},"end":{"line":120,"column":5}},{"start":{"line":90,"column":4},"end":{"line":120,"column":5}}],"line":90},"4":{"loc":{"start":{"line":98,"column":13},"end":{"line":98,"column":54}},"type":"binary-expr","locations":[{"start":{"line":98,"column":13},"end":{"line":98,"column":35}},{"start":{"line":98,"column":39},"end":{"line":98,"column":54}}],"line":98},"5":{"loc":{"start":{"line":122,"column":4},"end":{"line":140,"column":5}},"type":"if","locations":[{"start":{"line":122,"column":4},"end":{"line":140,"column":5}},{"start":{"line":122,"column":4},"end":{"line":140,"column":5}}],"line":122},"6":{"loc":{"start":{"line":142,"column":4},"end":{"line":160,"column":5}},"type":"if","locations":[{"start":{"line":142,"column":4},"end":{"line":160,"column":5}},{"start":{"line":142,"column":4},"end":{"line":160,"column":5}}],"line":142},"7":{"loc":{"start":{"line":162,"column":4},"end":{"line":180,"column":5}},"type":"if","locations":[{"start":{"line":162,"column":4},"end":{"line":180,"column":5}},{"start":{"line":162,"column":4},"end":{"line":180,"column":5}}],"line":162}},"s":{"0":5,"1":5,"2":5,"3":5,"4":5,"5":5,"6":5,"7":5,"8":5,"9":5,"10":5,"11":0,"12":0,"13":0,"14":0,"15":0,"16":0,"17":0,"18":0,"19":0,"20":0,"21":0,"22":0,"23":0,"24":0,"25":10,"26":2,"27":8,"28":2,"29":6,"30":8,"31":2,"32":8,"33":2,"34":8,"35":2,"36":8,"37":1},"f":{"0":5,"1":5,"2":5,"3":0,"4":0,"5":0,"6":0,"7":0,"8":0,"9":0,"10":10},"b":{"0":[0,5],"1":[2,8],"2":[10,10],"3":[2,6],"4":[2,2],"5":[2,6],"6":[2,6],"7":[2,6]},"_coverageSchema":"43e27e138ebf9cfc5966b082cf9a028302ed4184","hash":"dc8a5c6cc811464f72f5fb1fc9dc77beab7381e4"}
,"/Users/andrewkeig/projects/react-speech/src/speechSynthesis.js": {"path":"/Users/andrewkeig/projects/react-speech/src/speechSynthesis.js","statementMap":{"0":{"start":{"line":3,"column":4},"end":{"line":3,"column":59}},"1":{"start":{"line":4,"column":4},"end":{"line":4,"column":58}},"2":{"start":{"line":5,"column":4},"end":{"line":5,"column":41}},"3":{"start":{"line":6,"column":4},"end":{"line":6,"column":56}},"4":{"start":{"line":7,"column":4},"end":{"line":7,"column":48}},"5":{"start":{"line":8,"column":4},"end":{"line":8,"column":62}},"6":{"start":{"line":9,"column":4},"end":{"line":9,"column":58}},"7":{"start":{"line":10,"column":4},"end":{"line":10,"column":62}},"8":{"start":{"line":14,"column":4},"end":{"line":14,"column":34}},"9":{"start":{"line":18,"column":19},"end":{"line":18,"column":53}},"10":{"start":{"line":19,"column":18},"end":{"line":19,"column":63}},"11":{"start":{"line":19,"column":39},"end":{"line":19,"column":62}},"12":{"start":{"line":20,"column":4},"end":{"line":20,"column":51}},"13":{"start":{"line":24,"column":4},"end":{"line":24,"column":32}},"14":{"start":{"line":28,"column":4},"end":{"line":28,"column":34}},"15":{"start":{"line":32,"column":4},"end":{"line":32,"column":36}},"16":{"start":{"line":33,"column":4},"end":{"line":33,"column":49}},"17":{"start":{"line":37,"column":4},"end":{"line":37,"column":35}},"18":{"start":{"line":41,"column":4},"end":{"line":41,"column":36}},"19":{"start":{"line":45,"column":4},"end":{"line":45,"column":36}}},"fnMap":{"0":{"name":"(anonymous_0)","decl":{"start":{"line":2,"column":2},"end":{"line":2,"column":3}},"loc":{"start":{"line":2,"column":21},"end":{"line":11,"column":3}},"line":2},"1":{"name":"(anonymous_1)","decl":{"start":{"line":13,"column":2},"end":{"line":13,"column":3}},"loc":{"start":{"line":13,"column":29},"end":{"line":15,"column":3}},"line":13},"2":{"name":"(anonymous_2)","decl":{"start":{"line":17,"column":2},"end":{"line":17,"column":3}},"loc":{"start":{"line":17,"column":28},"end":{"line":21,"column":3}},"line":17},"3":{"name":"(anonymous_3)","decl":{"start":{"line":19,"column":30},"end":{"line":19,"column":31}},"loc":{"start":{"line":19,"column":39},"end":{"line":19,"column":62}},"line":19},"4":{"name":"(anonymous_4)","decl":{"start":{"line":23,"column":2},"end":{"line":23,"column":3}},"loc":{"start":{"line":23,"column":14},"end":{"line":25,"column":3}},"line":23},"5":{"name":"(anonymous_5)","decl":{"start":{"line":27,"column":2},"end":{"line":27,"column":3}},"loc":{"start":{"line":27,"column":16},"end":{"line":29,"column":3}},"line":27},"6":{"name":"(anonymous_6)","decl":{"start":{"line":31,"column":2},"end":{"line":31,"column":3}},"loc":{"start":{"line":31,"column":10},"end":{"line":34,"column":3}},"line":31},"7":{"name":"(anonymous_7)","decl":{"start":{"line":36,"column":2},"end":{"line":36,"column":3}},"loc":{"start":{"line":36,"column":10},"end":{"line":38,"column":3}},"line":36},"8":{"name":"(anonymous_8)","decl":{"start":{"line":40,"column":2},"end":{"line":40,"column":3}},"loc":{"start":{"line":40,"column":11},"end":{"line":42,"column":3}},"line":40},"9":{"name":"(anonymous_9)","decl":{"start":{"line":44,"column":2},"end":{"line":44,"column":3}},"loc":{"start":{"line":44,"column":11},"end":{"line":46,"column":3}},"line":44}},"branchMap":{"0":{"loc":{"start":{"line":7,"column":26},"end":{"line":7,"column":47}},"type":"binary-expr","locations":[{"start":{"line":7,"column":26},"end":{"line":7,"column":36}},{"start":{"line":7,"column":40},"end":{"line":7,"column":47}}],"line":7},"1":{"loc":{"start":{"line":8,"column":27},"end":{"line":8,"column":61}},"type":"binary-expr","locations":[{"start":{"line":8,"column":27},"end":{"line":8,"column":54}},{"start":{"line":8,"column":58},"end":{"line":8,"column":61}}],"line":8},"2":{"loc":{"start":{"line":9,"column":26},"end":{"line":9,"column":57}},"type":"binary-expr","locations":[{"start":{"line":9,"column":26},"end":{"line":9,"column":52}},{"start":{"line":9,"column":56},"end":{"line":9,"column":57}}],"line":9},"3":{"loc":{"start":{"line":10,"column":28},"end":{"line":10,"column":61}},"type":"binary-expr","locations":[{"start":{"line":10,"column":28},"end":{"line":10,"column":56}},{"start":{"line":10,"column":60},"end":{"line":10,"column":61}}],"line":10},"4":{"loc":{"start":{"line":20,"column":11},"end":{"line":20,"column":50}},"type":"cond-expr","locations":[{"start":{"line":20,"column":33},"end":{"line":20,"column":38}},{"start":{"line":20,"column":41},"end":{"line":20,"column":50}}],"line":20}},"s":{"0":10,"1":10,"2":10,"3":10,"4":10,"5":10,"6":10,"7":10,"8":14,"9":10,"10":10,"11":14,"12":10,"13":0,"14":0,"15":1,"16":1,"17":1,"18":1,"19":1},"f":{"0":10,"1":14,"2":10,"3":14,"4":0,"5":0,"6":1,"7":1,"8":1,"9":1},"b":{"0":[10,0],"1":[10,0],"2":[10,0],"3":[10,0],"4":[6,4]},"_coverageSchema":"43e27e138ebf9cfc5966b082cf9a028302ed4184","hash":"5573f0cb4f9a0c366dd85f21005a9ed568f5476c"}
,"/Users/andrewkeig/projects/react-speech/src/style.js": {"path":"/Users/andrewkeig/projects/react-speech/src/style.js","statementMap":{"0":{"start":{"line":1,"column":0},"end":{"line":69,"column":2}}},"fnMap":{},"branchMap":{},"s":{"0":2},"f":{},"b":{},"_coverageSchema":"43e27e138ebf9cfc5966b082cf9a028302ed4184","hash":"4608c5ba6808a70fdef3874f08e40008d5233045"}
}
