TN:
SF:/Users/andrewkeig/projects/react-speech/src/button.js
FN:5,(anonymous_0)
FN:17,(anonymous_1)
FN:21,(anonymous_2)
FN:25,(anonymous_3)
FNF:4
FNH:2
FNDA:8,(anonymous_0)
FNDA:0,(anonymous_1)
FNDA:0,(anonymous_2)
FNDA:15,(anonymous_3)
DA:6,8
DA:7,8
DA:13,8
DA:14,8
DA:18,0
DA:22,0
DA:26,15
DA:30,15
DA:34,15
DA:39,15
DA:51,2
LF:11
LH:9
BRDA:26,0,0,0
BRDA:26,0,1,15
BRDA:30,1,0,0
BRDA:30,1,1,15
BRF:4
BRH:2
end_of_record
TN:
SF:/Users/andrewkeig/projects/react-speech/src/speech.js
FN:9,(anonymous_0)
FN:22,(anonymous_1)
FN:26,(anonymous_2)
FN:39,(anonymous_3)
FN:45,(anonymous_4)
FN:51,(anonymous_5)
FN:56,(anonymous_6)
FN:61,(anonymous_7)
FN:66,(anonymous_8)
FN:70,(anonymous_9)
FN:74,(anonymous_10)
FNF:11
FNH:4
FNDA:5,(anonymous_0)
FNDA:5,(anonymous_1)
FNDA:5,(anonymous_2)
FNDA:0,(anonymous_3)
FNDA:0,(anonymous_4)
FNDA:0,(anonymous_5)
FNDA:0,(anonymous_6)
FNDA:0,(anonymous_7)
FNDA:0,(anonymous_8)
FNDA:0,(anonymous_9)
FNDA:10,(anonymous_10)
DA:10,5
DA:11,5
DA:14,5
DA:15,5
DA:16,5
DA:17,5
DA:18,5
DA:19,5
DA:23,5
DA:27,5
DA:36,5
DA:40,0
DA:41,0
DA:42,0
DA:46,0
DA:47,0
DA:48,0
DA:52,0
DA:53,0
DA:57,0
DA:58,0
DA:62,0
DA:63,0
DA:67,0
DA:71,0
DA:75,10
DA:76,2
DA:90,8
DA:91,2
DA:103,6
DA:122,8
DA:123,2
DA:142,8
DA:143,2
DA:162,8
DA:163,2
DA:182,8
DA:190,1
LF:38
LH:24
BRDA:12,0,0,0
BRDA:12,0,1,5
BRDA:75,1,0,2
BRDA:75,1,1,8
BRDA:75,2,0,10
BRDA:75,2,1,10
BRDA:90,3,0,2
BRDA:90,3,1,6
BRDA:98,4,0,2
BRDA:98,4,1,2
BRDA:122,5,0,2
BRDA:122,5,1,6
BRDA:142,6,0,2
BRDA:142,6,1,6
BRDA:162,7,0,2
BRDA:162,7,1,6
BRF:16
BRH:15
end_of_record
TN:
SF:/Users/andrewkeig/projects/react-speech/src/speechSynthesis.js
FN:2,(anonymous_0)
FN:13,(anonymous_1)
FN:17,(anonymous_2)
FN:19,(anonymous_3)
FN:23,(anonymous_4)
FN:27,(anonymous_5)
FN:31,(anonymous_6)
FN:36,(anonymous_7)
FN:40,(anonymous_8)
FN:44,(anonymous_9)
FNF:10
FNH:8
FNDA:10,(anonymous_0)
FNDA:14,(anonymous_1)
FNDA:10,(anonymous_2)
FNDA:14,(anonymous_3)
FNDA:0,(anonymous_4)
FNDA:0,(anonymous_5)
FNDA:1,(anonymous_6)
FNDA:1,(anonymous_7)
FNDA:1,(anonymous_8)
FNDA:1,(anonymous_9)
DA:3,10
DA:4,10
DA:5,10
DA:6,10
DA:7,10
DA:8,10
DA:9,10
DA:10,10
DA:14,14
DA:18,10
DA:19,14
DA:20,10
DA:24,0
DA:28,0
DA:32,1
DA:33,1
DA:37,1
DA:41,1
DA:45,1
LF:19
LH:17
BRDA:7,0,0,10
BRDA:7,0,1,0
BRDA:8,1,0,10
BRDA:8,1,1,0
BRDA:9,2,0,10
BRDA:9,2,1,0
BRDA:10,3,0,10
BRDA:10,3,1,0
BRDA:20,4,0,6
BRDA:20,4,1,4
BRF:10
BRH:6
end_of_record
TN:
SF:/Users/andrewkeig/projects/react-speech/src/style.js
FNF:0
FNH:0
DA:1,2
LF:1
LH:1
BRF:0
BRH:0
end_of_record
